<?xml version="1.0" encoding="UTF-8"?>
<!-- Generated by org.testng.reporters.JUnitReportReporter -->
<testsuite skipped="0" hostname="Qsp_Mum_faculty2" name="script.testScript" tests="2" failures="0" timestamp="06 Apr 2018 07:28:17 GMT" time="19.012" errors="0">
  <testcase name="validLogin" time="5.291" classname="script.testScript"/>
  <testcase name="validLogin" time="13.721" classname="script.testScript"/>
</testsuite> <!-- script.testScript -->
